<?xml version="1.0" encoding="UTF-8"?>
<testsuite xmlns:xsi="http://www.w3.org/2001/XMLSchema-instance" xsi:noNamespaceSchemaLocation="https://maven.apache.org/surefire/maven-surefire-plugin/xsd/surefire-test-report-3.0.xsd" version="3.0" name="TestSuite" time="1.186" tests="2" errors="0" skipped="0" failures="0">
  <properties>
[...]
</properties>
  <testcase name="beforeTest1" classname="testCase1" time="0.528">
    <system-out><![CDATA[abc@gmail.com
]]></system-out>
  </testcase>
  <testcase name="beforeTest2[uanme](1)" classname="testCase1" time="0">
    <system-out><![CDATA[uanme
]]></system-out>
  </testcase>
</testsuite>